WARNING: A terminally deprecated method in sun.misc.Unsafe has been called
WARNING: sun.misc.Unsafe::arrayBaseOffset has been called by net.logstash.logback.encoder.com.lmax.disruptor.RingBufferFields (jar:nested:/Users/deepawasthi/Developer/Peerpay/payment-service/target/payment-service-1.0.0-SNAPSHOT.jar/!BOOT-INF/lib/logstash-logback-encoder-8.0.jar!/)
WARNING: Please consider reporting this to the maintainers of class net.logstash.logback.encoder.com.lmax.disruptor.RingBufferFields
WARNING: sun.misc.Unsafe::arrayBaseOffset will be removed in a future release

  .   ____          _            __ _ _
 /\\ / ___'_ __ _ _(_)_ __  __ _ \ \ \ \
( ( )\___ | '_ | '_| | '_ \/ _` | \ \ \ \
 \\/  ___)| |_)| | | | | || (_| |  ) ) ) )
  '  |____| .__|_| |_|_| |_\__, | / / / /
 =========|_|==============|___/=/_/_/_/

 :: Spring Boot ::                (v3.4.1)

15:37:46,935 |-WARN in net.logstash.logback.appender.LogstashTcpSocketAppender[LOGSTASH] - Log destination localhost/<unresolved>:5001: Waiting 29937ms before attempting reconnection.
15:37:47.150 [main] INFO  c.p.p.PaymentServiceApplication [] - Starting PaymentServiceApplication v1.0.0-SNAPSHOT using Java 26.0.1 with PID 61476 (/Users/deepawasthi/Developer/Peerpay/payment-service/target/payment-service-1.0.0-SNAPSHOT.jar started by deepawasthi in /Users/deepawasthi/Developer/Peerpay)
15:37:47.151 [main] DEBUG c.p.p.PaymentServiceApplication [] - Running with Spring Boot v3.4.1, Spring v6.2.1
15:37:47.151 [main] INFO  c.p.p.PaymentServiceApplication [] - No active profile set, falling back to 1 default profile: "default"
15:37:52.204 [main] INFO  o.s.d.r.c.RepositoryConfigurationDelegate [] - Multiple Spring Data modules found, entering strict repository configuration mode
15:37:52.208 [main] INFO  o.s.d.r.c.RepositoryConfigurationDelegate [] - Bootstrapping Spring Data JPA repositories in DEFAULT mode.
15:37:53.122 [main] INFO  o.s.d.r.c.RepositoryConfigurationDelegate [] - Finished Spring Data repository scanning in 903 ms. Found 3 JPA repository interfaces.
15:37:53.277 [main] INFO  o.s.d.r.c.RepositoryConfigurationDelegate [] - Multiple Spring Data modules found, entering strict repository configuration mode
15:37:53.282 [main] INFO  o.s.d.r.c.RepositoryConfigurationDelegate [] - Bootstrapping Spring Data Redis repositories in DEFAULT mode.
15:37:53.355 [main] INFO  o.s.d.r.c.RepositoryConfigurationExtensionSupport [] - Spring Data Redis - Could not safely identify store assignment for repository candidate interface com.peerpay.payment.repository.IdempotencyRecordRepository; If you want this repository to be a Redis repository, consider annotating your entities with one of these annotations: org.springframework.data.redis.core.RedisHash (preferred), or consider extending one of the following types with your repository: org.springframework.data.keyvalue.repository.KeyValueRepository
15:37:53.355 [main] INFO  o.s.d.r.c.RepositoryConfigurationExtensionSupport [] - Spring Data Redis - Could not safely identify store assignment for repository candidate interface com.peerpay.payment.repository.OutboxRepository; If you want this repository to be a Redis repository, consider annotating your entities with one of these annotations: org.springframework.data.redis.core.RedisHash (preferred), or consider extending one of the following types with your repository: org.springframework.data.keyvalue.repository.KeyValueRepository
15:37:53.355 [main] INFO  o.s.d.r.c.RepositoryConfigurationExtensionSupport [] - Spring Data Redis - Could not safely identify store assignment for repository candidate interface com.peerpay.payment.repository.PaymentRepository; If you want this repository to be a Redis repository, consider annotating your entities with one of these annotations: org.springframework.data.redis.core.RedisHash (preferred), or consider extending one of the following types with your repository: org.springframework.data.keyvalue.repository.KeyValueRepository
15:37:53.355 [main] INFO  o.s.d.r.c.RepositoryConfigurationDelegate [] - Finished Spring Data repository scanning in 5 ms. Found 0 Redis repository interfaces.
WARNING: A restricted method in java.lang.System has been called
WARNING: java.lang.System::load has been called by org.apache.tomcat.jni.Library in an unnamed module (jar:nested:/Users/deepawasthi/Developer/Peerpay/payment-service/target/payment-service-1.0.0-SNAPSHOT.jar/!BOOT-INF/lib/tomcat-embed-core-10.1.34.jar!/)
WARNING: Use --enable-native-access=ALL-UNNAMED to avoid a warning for callers in this module
WARNING: Restricted methods will be blocked in a future release unless native access is enabled

15:37:56.397 [main] INFO  o.s.b.w.e.tomcat.TomcatWebServer [] - Tomcat initialized with port 8082 (http)
15:37:56.416 [main] INFO  o.a.catalina.core.StandardService [] - Starting service [Tomcat]
15:37:56.417 [main] INFO  o.a.catalina.core.StandardEngine [] - Starting Servlet engine: [Apache Tomcat/10.1.34]
15:37:56.453 [main] INFO  o.a.c.c.C.[Tomcat].[localhost].[/] [] - Initializing Spring embedded WebApplicationContext
15:37:56.453 [main] INFO  o.s.b.w.s.c.ServletWebServerApplicationContext [] - Root WebApplicationContext: initialization completed in 9157 ms
15:38:00.142 [main] INFO  o.h.jpa.internal.util.LogHelper [] - HHH000204: Processing PersistenceUnitInfo [name: default]
15:38:00.628 [main] INFO  org.hibernate.Version [] - HHH000412: Hibernate ORM core version 6.6.4.Final
15:38:00.703 [main] INFO  o.h.c.i.RegionFactoryInitiator [] - HHH000026: Second-level cache disabled
15:38:01.930 [main] INFO  o.s.o.j.p.SpringPersistenceUnitInfo [] - No LoadTimeWeaver setup: ignoring JPA class transformer
15:38:01.961 [main] INFO  com.zaxxer.hikari.HikariDataSource [] - HikariPool-1 - Starting...
15:38:03.187 [main] INFO  com.zaxxer.hikari.pool.HikariPool [] - HikariPool-1 - Added connection org.postgresql.jdbc.PgConnection@1bd6638
15:38:03.228 [main] INFO  com.zaxxer.hikari.HikariDataSource [] - HikariPool-1 - Start completed.
15:38:03.423 [main] WARN  org.hibernate.orm.deprecation [] - HHH90000025: PostgreSQLDialect does not need to be specified explicitly using 'hibernate.dialect' (remove the property setting and it will be selected by default)
15:38:03.636 [main] INFO  o.hibernate.orm.connections.pooling [] - HHH10001005: Database info:
	Database JDBC URL [Connecting through datasource 'HikariDataSource (HikariPool-1)']
	Database driver: undefined/unknown
	Database version: 16.14
	Autocommit mode: undefined/unknown
	Isolation level: undefined/unknown
	Minimum pool size: undefined/unknown
	Maximum pool size: undefined/unknown
15:38:08.952 [main] INFO  o.h.e.t.j.p.i.JtaPlatformInitiator [] - HHH000489: No JTA platform available (set 'hibernate.transaction.jta.platform' to enable JTA platform integration)
15:38:09.804 [main] WARN  o.h.e.jdbc.spi.SqlExceptionHelper [] - SQL Warning Code: 0, SQLState: 00000
15:38:09.807 [main] WARN  o.h.e.jdbc.spi.SqlExceptionHelper [] - constraint "ukomsd6iyhw8gds977inb5qubj0" of relation "payment_outbox" does not exist, skipping
15:38:09.840 [main] INFO  o.s.o.j.LocalContainerEntityManagerFactoryBean [] - Initialized JPA EntityManagerFactory for persistence unit 'default'
15:38:16.838 [main] WARN  o.s.b.a.o.j.JpaBaseConfiguration$JpaWebConfiguration [] - spring.jpa.open-in-view is enabled by default. Therefore, database queries may be performed during view rendering. Explicitly configure spring.jpa.open-in-view to disable this warning
15:38:16,945 |-WARN in net.logstash.logback.appender.LogstashTcpSocketAppender[LOGSTASH] - Log destination localhost/<unresolved>:5001: Waiting 29940ms before attempting reconnection.
15:38:20.239 [main] INFO  o.s.b.a.e.web.EndpointLinksResolver [] - Exposing 3 endpoints beneath base path '/actuator'
15:38:20.444 [main] INFO  o.s.b.w.e.tomcat.TomcatWebServer [] - Tomcat started on port 8082 (http) with context path '/'
15:38:20.538 [main] INFO  c.p.p.PaymentServiceApplication [] - Started PaymentServiceApplication in 34.713 seconds (process running for 35.599)
15:41:08.310 [http-nio-8082-exec-1] INFO  o.a.c.c.C.[Tomcat].[localhost].[/] [] - Initializing Spring DispatcherServlet 'dispatcherServlet'
15:41:08.315 [http-nio-8082-exec-1] INFO  o.s.web.servlet.DispatcherServlet [] - Initializing Servlet 'dispatcherServlet'
15:41:08.406 [http-nio-8082-exec-1] INFO  o.s.web.servlet.DispatcherServlet [] - Completed initialization in 89 ms
15:41:08.807 [http-nio-8082-exec-1] INFO  c.p.p.controller.PaymentController [] - Initiating payment request. Idempotency Key: tx_idemp_001
15:41:09.237 [http-nio-8082-exec-1] INFO  c.p.payment.service.PaymentService [] - Initiating payment from arjun@peerpay to neha@peerpay of amount ₹300.00
15:41:09.348 [http-nio-8082-exec-1] DEBUG c.p.payment.service.PaymentService [] - Event of type PaymentInitiated saved to transactional outbox
15:41:09.393 [http-nio-8082-exec-1] INFO  c.p.p.service.IdempotencyService [] - Saved idempotency record for key: tx_idemp_001
15:41:09.822 [scheduling-1] DEBUG c.peerpay.payment.kafka.OutboxPoller [] - Found 1 pending events in transactional outbox
15:41:09.826 [scheduling-1] INFO  c.p.p.kafka.PaymentEventProducer [] - Publishing event PaymentInitiated to topic peerpay.payments.initiated for transaction ID: b292f22e-15b2-4034-ac43-dddb62f417b2
15:41:09.889 [scheduling-1] INFO  o.a.k.c.producer.ProducerConfig [] - ProducerConfig values: 
	acks = -1
	auto.include.jmx.reporter = true
	batch.size = 16384
	bootstrap.servers = [localhost:9092]
	buffer.memory = 33554432
	client.dns.lookup = use_all_dns_ips
	client.id = payment-service-producer-1
	compression.gzip.level = -1
	compression.lz4.level = 9
	compression.type = none
	compression.zstd.level = 3
	connections.max.idle.ms = 540000
	delivery.timeout.ms = 120000
	enable.idempotence = true
	enable.metrics.push = true
	interceptor.classes = []
	key.serializer = class org.apache.kafka.common.serialization.StringSerializer
	linger.ms = 0
	max.block.ms = 60000
	max.in.flight.requests.per.connection = 5
	max.request.size = 1048576
	metadata.max.age.ms = 300000
	metadata.max.idle.ms = 300000
	metadata.recovery.strategy = none
	metric.reporters = []
	metrics.num.samples = 2
	metrics.recording.level = INFO
	metrics.sample.window.ms = 30000
	partitioner.adaptive.partitioning.enable = true
	partitioner.availability.timeout.ms = 0
	partitioner.class = null
	partitioner.ignore.keys = false
	receive.buffer.bytes = 32768
	reconnect.backoff.max.ms = 1000
	reconnect.backoff.ms = 50
	request.timeout.ms = 30000
	retries = 3
	retry.backoff.max.ms = 1000
	retry.backoff.ms = 100
	sasl.client.callback.handler.class = null
	sasl.jaas.config = null
	sasl.kerberos.kinit.cmd = /usr/bin/kinit
	sasl.kerberos.min.time.before.relogin = 60000
	sasl.kerberos.service.name = null
	sasl.kerberos.ticket.renew.jitter = 0.05
	sasl.kerberos.ticket.renew.window.factor = 0.8
	sasl.login.callback.handler.class = null
	sasl.login.class = null
	sasl.login.connect.timeout.ms = null
	sasl.login.read.timeout.ms = null
	sasl.login.refresh.buffer.seconds = 300
	sasl.login.refresh.min.period.seconds = 60
	sasl.login.refresh.window.factor = 0.8
	sasl.login.refresh.window.jitter = 0.05
	sasl.login.retry.backoff.max.ms = 10000
	sasl.login.retry.backoff.ms = 100
	sasl.mechanism = GSSAPI
	sasl.oauthbearer.clock.skew.seconds = 30
	sasl.oauthbearer.expected.audience = null
	sasl.oauthbearer.expected.issuer = null
	sasl.oauthbearer.jwks.endpoint.refresh.ms = 3600000
	sasl.oauthbearer.jwks.endpoint.retry.backoff.max.ms = 10000
	sasl.oauthbearer.jwks.endpoint.retry.backoff.ms = 100
	sasl.oauthbearer.jwks.endpoint.url = null
	sasl.oauthbearer.scope.claim.name = scope
	sasl.oauthbearer.sub.claim.name = sub
	sasl.oauthbearer.token.endpoint.url = null
	security.protocol = PLAINTEXT
	security.providers = null
	send.buffer.bytes = 131072
	socket.connection.setup.timeout.max.ms = 30000
	socket.connection.setup.timeout.ms = 10000
	ssl.cipher.suites = null
	ssl.enabled.protocols = [TLSv1.2, TLSv1.3]
	ssl.endpoint.identification.algorithm = https
	ssl.engine.factory.class = null
	ssl.key.password = null
	ssl.keymanager.algorithm = SunX509
	ssl.keystore.certificate.chain = null
	ssl.keystore.key = null
	ssl.keystore.location = null
	ssl.keystore.password = null
	ssl.keystore.type = JKS
	ssl.protocol = TLSv1.3
	ssl.provider = null
	ssl.secure.random.implementation = null
	ssl.trustmanager.algorithm = PKIX
	ssl.truststore.certificates = null
	ssl.truststore.location = null
	ssl.truststore.password = null
	ssl.truststore.type = JKS
	transaction.timeout.ms = 60000
	transactional.id = null
	value.serializer = class org.apache.kafka.common.serialization.StringSerializer

15:41:09.989 [scheduling-1] INFO  o.a.k.c.t.i.KafkaMetricsCollector [] - initializing Kafka metrics collector
15:41:10.020 [scheduling-1] INFO  o.a.k.clients.producer.KafkaProducer [] - [Producer clientId=payment-service-producer-1] Instantiated an idempotent producer.
15:41:10.070 [scheduling-1] INFO  o.a.kafka.common.utils.AppInfoParser [] - Kafka version: 3.8.1
15:41:10.070 [scheduling-1] INFO  o.a.kafka.common.utils.AppInfoParser [] - Kafka commitId: 70d6ff42debf7e17
15:41:10.070 [scheduling-1] INFO  o.a.kafka.common.utils.AppInfoParser [] - Kafka startTimeMs: 1781950270067
15:41:11.135 [kafka-producer-network-thread | payment-service-producer-1] INFO  org.apache.kafka.clients.Metadata [] - [Producer clientId=payment-service-producer-1] Cluster ID: yA_b4S0iRxmmq4260w0_0w
15:41:11.449 [kafka-producer-network-thread | payment-service-producer-1] INFO  o.a.k.c.p.i.TransactionManager [] - [Producer clientId=payment-service-producer-1] ProducerId set to 0 with epoch 0
15:41:11.601 [kafka-producer-network-thread | payment-service-producer-1] INFO  c.peerpay.payment.kafka.OutboxPoller [] - Marked outbox event ID: 1 as processed
15:41:11.601 [kafka-producer-network-thread | payment-service-producer-1] INFO  c.p.p.kafka.PaymentEventProducer [] - Successfully published event PaymentInitiated for transaction b292f22e-15b2-4034-ac43-dddb62f417b2. Offset: 0
15:42:40.002 [http-nio-8082-exec-3] INFO  c.p.p.controller.PaymentController [] - Initiating payment request. Idempotency Key: tx_idemp_001
15:42:40.093 [http-nio-8082-exec-3] INFO  c.p.p.service.IdempotencyService [] - Idempotency hit in Redis for key: tx_idemp_001
15:42:40.173 [http-nio-8082-exec-3] INFO  c.p.p.controller.PaymentController [] - Returning cached response for idempotency key: tx_idemp_001
15:43:45.579 [http-nio-8082-exec-5] INFO  c.p.p.controller.PaymentController [] - Received simulation request to complete transaction: b292f22e-15b2-4034-ac43-dddb62f417b2
15:43:45.596 [http-nio-8082-exec-5] INFO  c.p.payment.service.PaymentService [] - Completing payment for transaction ID: b292f22e-15b2-4034-ac43-dddb62f417b2
15:43:45.721 [http-nio-8082-exec-5] DEBUG c.p.payment.service.PaymentService [] - Event of type PaymentCompleted saved to transactional outbox
15:43:45.911 [scheduling-1] DEBUG c.peerpay.payment.kafka.OutboxPoller [] - Found 1 pending events in transactional outbox
15:43:45.914 [scheduling-1] INFO  c.p.p.kafka.PaymentEventProducer [] - Publishing event PaymentCompleted to topic peerpay.payments.completed for transaction ID: b292f22e-15b2-4034-ac43-dddb62f417b2
15:43:46.138 [kafka-producer-network-thread | payment-service-producer-1] INFO  c.peerpay.payment.kafka.OutboxPoller [] - Marked outbox event ID: 2 as processed
15:43:46.139 [kafka-producer-network-thread | payment-service-producer-1] INFO  c.p.p.kafka.PaymentEventProducer [] - Successfully published event PaymentCompleted for transaction b292f22e-15b2-4034-ac43-dddb62f417b2. Offset: 0
15:44:10.134 [micrometer-kafka-metrics] WARN  i.m.core.instrument.MeterRegistry [] - This Gauge has been already registered (MeterId{name='kafka.producer.node.request.size.max', tags=[tag(client.id=payment-service-producer-1),tag(kafka.version=3.8.1),tag(node.id=node--1),tag(spring.id=kafkaProducerFactory.payment-service-producer-1)]}), the Gauge registration will be ignored. Note that subsequent logs will be logged at debug level.
