WARNING: A terminally deprecated method in sun.misc.Unsafe has been called
WARNING: sun.misc.Unsafe::arrayBaseOffset has been called by net.logstash.logback.encoder.com.lmax.disruptor.RingBufferFields (jar:nested:/Users/deepawasthi/Developer/Peerpay/user-service/target/user-service-1.0.0-SNAPSHOT.jar/!BOOT-INF/lib/logstash-logback-encoder-8.0.jar!/)
WARNING: Please consider reporting this to the maintainers of class net.logstash.logback.encoder.com.lmax.disruptor.RingBufferFields
WARNING: sun.misc.Unsafe::arrayBaseOffset will be removed in a future release
15:37:47,064 |-WARN in net.logstash.logback.appender.LogstashTcpSocketAppender[LOGSTASH] - Log destination localhost/<unresolved>:5001: Waiting 29963ms before attempting reconnection.

  .   ____          _            __ _ _
 /\\ / ___'_ __ _ _(_)_ __  __ _ \ \ \ \
( ( )\___ | '_ | '_| | '_ \/ _` | \ \ \ \
 \\/  ___)| |_)| | | | | || (_| |  ) ) ) )
  '  |____| .__|_| |_|_| |_\__, | / / / /
 =========|_|==============|___/=/_/_/_/

 :: Spring Boot ::                (v3.4.1)

15:37:47.280 [main] INFO  c.p.user.UserServiceApplication [] - Starting UserServiceApplication v1.0.0-SNAPSHOT using Java 26.0.1 with PID 61466 (/Users/deepawasthi/Developer/Peerpay/user-service/target/user-service-1.0.0-SNAPSHOT.jar started by deepawasthi in /Users/deepawasthi/Developer/Peerpay)
15:37:47.294 [main] DEBUG c.p.user.UserServiceApplication [] - Running with Spring Boot v3.4.1, Spring v6.2.1
15:37:47.295 [main] INFO  c.p.user.UserServiceApplication [] - No active profile set, falling back to 1 default profile: "default"
15:37:50.950 [main] INFO  o.s.d.r.c.RepositoryConfigurationDelegate [] - Bootstrapping Spring Data JPA repositories in DEFAULT mode.
15:37:51.166 [main] INFO  o.s.d.r.c.RepositoryConfigurationDelegate [] - Finished Spring Data repository scanning in 192 ms. Found 1 JPA repository interface.
WARNING: A restricted method in java.lang.System has been called
WARNING: java.lang.System::load has been called by org.apache.tomcat.jni.Library in an unnamed module (jar:nested:/Users/deepawasthi/Developer/Peerpay/user-service/target/user-service-1.0.0-SNAPSHOT.jar/!BOOT-INF/lib/tomcat-embed-core-10.1.34.jar!/)
WARNING: Use --enable-native-access=ALL-UNNAMED to avoid a warning for callers in this module
WARNING: Restricted methods will be blocked in a future release unless native access is enabled

15:37:54.828 [main] INFO  o.s.b.w.e.tomcat.TomcatWebServer [] - Tomcat initialized with port 8081 (http)
15:37:54.854 [main] INFO  o.a.catalina.core.StandardService [] - Starting service [Tomcat]
15:37:54.854 [main] INFO  o.a.catalina.core.StandardEngine [] - Starting Servlet engine: [Apache Tomcat/10.1.34]
15:37:54.895 [main] INFO  o.a.c.c.C.[Tomcat].[localhost].[/] [] - Initializing Spring embedded WebApplicationContext
15:37:54.896 [main] INFO  o.s.b.w.s.c.ServletWebServerApplicationContext [] - Root WebApplicationContext: initialization completed in 7558 ms
15:37:56.367 [main] INFO  o.h.jpa.internal.util.LogHelper [] - HHH000204: Processing PersistenceUnitInfo [name: default]
15:37:56.725 [main] INFO  org.hibernate.Version [] - HHH000412: Hibernate ORM core version 6.6.4.Final
15:37:56.763 [main] INFO  o.h.c.i.RegionFactoryInitiator [] - HHH000026: Second-level cache disabled
15:37:58.529 [main] INFO  o.s.o.j.p.SpringPersistenceUnitInfo [] - No LoadTimeWeaver setup: ignoring JPA class transformer
15:37:58.631 [main] INFO  com.zaxxer.hikari.HikariDataSource [] - HikariPool-1 - Starting...
15:38:00.161 [main] INFO  com.zaxxer.hikari.pool.HikariPool [] - HikariPool-1 - Added connection org.postgresql.jdbc.PgConnection@5bba9949
15:38:00.163 [main] INFO  com.zaxxer.hikari.HikariDataSource [] - HikariPool-1 - Start completed.
15:38:00.655 [main] WARN  org.hibernate.orm.deprecation [] - HHH90000025: PostgreSQLDialect does not need to be specified explicitly using 'hibernate.dialect' (remove the property setting and it will be selected by default)
15:38:00.792 [main] INFO  o.hibernate.orm.connections.pooling [] - HHH10001005: Database info:
	Database JDBC URL [Connecting through datasource 'HikariDataSource (HikariPool-1)']
	Database driver: undefined/unknown
	Database version: 16.14
	Autocommit mode: undefined/unknown
	Isolation level: undefined/unknown
	Minimum pool size: undefined/unknown
	Maximum pool size: undefined/unknown
15:38:05.211 [main] INFO  o.h.e.t.j.p.i.JtaPlatformInitiator [] - HHH000489: No JTA platform available (set 'hibernate.transaction.jta.platform' to enable JTA platform integration)
15:38:06.302 [main] WARN  o.h.e.jdbc.spi.SqlExceptionHelper [] - SQL Warning Code: 0, SQLState: 00000
15:38:06.303 [main] WARN  o.h.e.jdbc.spi.SqlExceptionHelper [] - constraint "uk6dotkott2kjsp8vw4d0m25fb7" of relation "users" does not exist, skipping
15:38:06.349 [main] WARN  o.h.e.jdbc.spi.SqlExceptionHelper [] - SQL Warning Code: 0, SQLState: 00000
15:38:06.351 [main] WARN  o.h.e.jdbc.spi.SqlExceptionHelper [] - constraint "ukdu5v5sr43g5bfnji4vb8hg5s3" of relation "users" does not exist, skipping
15:38:06.413 [main] WARN  o.h.e.jdbc.spi.SqlExceptionHelper [] - SQL Warning Code: 0, SQLState: 00000
15:38:06.414 [main] WARN  o.h.e.jdbc.spi.SqlExceptionHelper [] - constraint "ukid6ubrew0co9ux1tcdt10fpls" of relation "users" does not exist, skipping
15:38:06.467 [main] INFO  o.s.o.j.LocalContainerEntityManagerFactoryBean [] - Initialized JPA EntityManagerFactory for persistence unit 'default'
15:38:09.284 [main] WARN  o.s.b.a.o.j.JpaBaseConfiguration$JpaWebConfiguration [] - spring.jpa.open-in-view is enabled by default. Therefore, database queries may be performed during view rendering. Explicitly configure spring.jpa.open-in-view to disable this warning
15:38:16.625 [main] INFO  o.s.b.a.e.web.EndpointLinksResolver [] - Exposing 3 endpoints beneath base path '/actuator'
15:38:17,120 |-WARN in net.logstash.logback.appender.LogstashTcpSocketAppender[LOGSTASH] - Log destination localhost/<unresolved>:5001: Waiting 29912ms before attempting reconnection.
15:38:17.294 [main] INFO  o.s.b.w.e.tomcat.TomcatWebServer [] - Tomcat started on port 8081 (http) with context path '/'
15:38:17.659 [main] INFO  c.p.user.UserServiceApplication [] - Started UserServiceApplication in 31.827 seconds (process running for 33.61)
15:39:15.496 [http-nio-8081-exec-1] INFO  o.a.c.c.C.[Tomcat].[localhost].[/] [] - Initializing Spring DispatcherServlet 'dispatcherServlet'
15:39:15.501 [http-nio-8081-exec-1] INFO  o.s.web.servlet.DispatcherServlet [] - Initializing Servlet 'dispatcherServlet'
15:39:15.589 [http-nio-8081-exec-1] INFO  o.s.web.servlet.DispatcherServlet [] - Completed initialization in 87 ms
15:39:16.133 [http-nio-8081-exec-1] INFO  c.p.user.controller.UserController [] - Received request to register user with email: arjun@peerpay.com
15:39:16.171 [http-nio-8081-exec-1] INFO  c.peerpay.user.service.UserService [] - Registering new user with email: arjun@peerpay.com
15:39:16.670 [http-nio-8081-exec-1] INFO  c.peerpay.user.service.UserService [] - User registered successfully. ID: 5dc6c840-2c9c-4358-acd8-a456c7715fa6
15:40:30.874 [http-nio-8081-exec-3] INFO  c.p.user.controller.UserController [] - Received request to register user with email: neha@peerpay.com
15:40:30.884 [http-nio-8081-exec-3] INFO  c.peerpay.user.service.UserService [] - Registering new user with email: neha@peerpay.com
15:40:31.003 [http-nio-8081-exec-3] INFO  c.peerpay.user.service.UserService [] - User registered successfully. ID: d94a8e9e-8998-4d6a-a951-d4a73408b238
15:40:36.714 [http-nio-8081-exec-4] INFO  c.peerpay.user.service.UserService [] - Attempting login for user: arjun@peerpay.com
15:40:36.819 [http-nio-8081-exec-4] INFO  c.peerpay.user.service.UserService [] - User authenticated. Generating JWT...
15:50:42,743 |-WARN in net.logstash.logback.appender.LogstashTcpSocketAppender[LOGSTASH] - Log destination localhost/<unresolved>:5001: Waiting 29799ms before attempting reconnection.
15:51:12,694 |-WARN in net.logstash.logback.appender.LogstashTcpSocketAppender[LOGSTASH] - Log destination localhost/<unresolved>:5001: connection failed. java.net.ConnectException: Connection refused
	at java.net.ConnectException: Connection refused
	at 	at java.base/sun.nio.ch.Net.pollConnect(Native Method)
	at 	at java.base/sun.nio.ch.Net.pollConnectNow(Net.java:642)
	at 	at java.base/sun.nio.ch.NioSocketImpl.timedFinishConnect(NioSocketImpl.java:555)
	at 	at java.base/sun.nio.ch.NioSocketImpl.connect(NioSocketImpl.java:599)
	at 	at java.base/java.net.SocksSocketImpl.connect(SocksSocketImpl.java:284)
	at 	at java.base/java.net.Socket.connect(Socket.java:668)
	at 	at net.logstash.logback.appender.AbstractLogstashTcpSocketAppender$TcpSendingEventHandler.openSocket(AbstractLogstashTcpSocketAppender.java:765)
	at 	at net.logstash.logback.appender.AbstractLogstashTcpSocketAppender$TcpSendingEventHandler.reopenSocket(AbstractLogstashTcpSocketAppender.java:706)
	at 	at net.logstash.logback.appender.AbstractLogstashTcpSocketAppender$TcpSendingEventHandler.onEvent(AbstractLogstashTcpSocketAppender.java:570)
	at 	at net.logstash.logback.appender.AbstractLogstashTcpSocketAppender$TcpSendingEventHandler.onEvent(AbstractLogstashTcpSocketAppender.java:291)
	at 	at net.logstash.logback.appender.AsyncDisruptorAppender$EventClearingEventHandler.onEvent(AsyncDisruptorAppender.java:363)
	at 	at net.logstash.logback.appender.AsyncDisruptorAppender$EventClearingEventHandler.onEvent(AsyncDisruptorAppender.java:350)
	at 	at net.logstash.logback.encoder.com.lmax.disruptor.BatchEventProcessor.processEvents(BatchEventProcessor.java:168)
	at 	at net.logstash.logback.encoder.com.lmax.disruptor.BatchEventProcessor.run(BatchEventProcessor.java:125)
	at 	at java.base/java.lang.Thread.run(Thread.java:1516)
15:51:12,790 |-WARN in net.logstash.logback.appender.LogstashTcpSocketAppender[LOGSTASH] - Log destination localhost/<unresolved>:5001: Waiting 29785ms before attempting reconnection.
15:51:42,594 |-WARN in net.logstash.logback.appender.LogstashTcpSocketAppender[LOGSTASH] - Log destination localhost/<unresolved>:5001: connection failed. java.net.ConnectException: Connection refused
	at java.net.ConnectException: Connection refused
	at 	at java.base/sun.nio.ch.Net.pollConnect(Native Method)
	at 	at java.base/sun.nio.ch.Net.pollConnectNow(Net.java:642)
	at 	at java.base/sun.nio.ch.NioSocketImpl.timedFinishConnect(NioSocketImpl.java:555)
	at 	at java.base/sun.nio.ch.NioSocketImpl.connect(NioSocketImpl.java:599)
	at 	at java.base/java.net.SocksSocketImpl.connect(SocksSocketImpl.java:284)
	at 	at java.base/java.net.Socket.connect(Socket.java:668)
	at 	at net.logstash.logback.appender.AbstractLogstashTcpSocketAppender$TcpSendingEventHandler.openSocket(AbstractLogstashTcpSocketAppender.java:765)
	at 	at net.logstash.logback.appender.AbstractLogstashTcpSocketAppender$TcpSendingEventHandler.reopenSocket(AbstractLogstashTcpSocketAppender.java:706)
	at 	at net.logstash.logback.appender.AbstractLogstashTcpSocketAppender$TcpSendingEventHandler.onEvent(AbstractLogstashTcpSocketAppender.java:570)
	at 	at net.logstash.logback.appender.AbstractLogstashTcpSocketAppender$TcpSendingEventHandler.onEvent(AbstractLogstashTcpSocketAppender.java:291)
	at 	at net.logstash.logback.appender.AsyncDisruptorAppender$EventClearingEventHandler.onEvent(AsyncDisruptorAppender.java:363)
	at 	at net.logstash.logback.appender.AsyncDisruptorAppender$EventClearingEventHandler.onEvent(AsyncDisruptorAppender.java:350)
	at 	at net.logstash.logback.encoder.com.lmax.disruptor.BatchEventProcessor.processEvents(BatchEventProcessor.java:168)
	at 	at net.logstash.logback.encoder.com.lmax.disruptor.BatchEventProcessor.run(BatchEventProcessor.java:125)
	at 	at java.base/java.lang.Thread.run(Thread.java:1516)
15:51:42,596 |-WARN in net.logstash.logback.appender.LogstashTcpSocketAppender[LOGSTASH] - Log destination localhost/<unresolved>:5001: Waiting 29984ms before attempting reconnection.
15:52:12,589 |-WARN in net.logstash.logback.appender.LogstashTcpSocketAppender[LOGSTASH] - Log destination localhost/<unresolved>:5001: connection failed. java.net.ConnectException: Connection refused
	at java.net.ConnectException: Connection refused
	at 	at java.base/sun.nio.ch.Net.pollConnect(Native Method)
	at 	at java.base/sun.nio.ch.Net.pollConnectNow(Net.java:642)
	at 	at java.base/sun.nio.ch.NioSocketImpl.timedFinishConnect(NioSocketImpl.java:555)
	at 	at java.base/sun.nio.ch.NioSocketImpl.connect(NioSocketImpl.java:599)
	at 	at java.base/java.net.SocksSocketImpl.connect(SocksSocketImpl.java:284)
	at 	at java.base/java.net.Socket.connect(Socket.java:668)
	at 	at net.logstash.logback.appender.AbstractLogstashTcpSocketAppender$TcpSendingEventHandler.openSocket(AbstractLogstashTcpSocketAppender.java:765)
	at 	at net.logstash.logback.appender.AbstractLogstashTcpSocketAppender$TcpSendingEventHandler.reopenSocket(AbstractLogstashTcpSocketAppender.java:706)
	at 	at net.logstash.logback.appender.AbstractLogstashTcpSocketAppender$TcpSendingEventHandler.onEvent(AbstractLogstashTcpSocketAppender.java:570)
	at 	at net.logstash.logback.appender.AbstractLogstashTcpSocketAppender$TcpSendingEventHandler.onEvent(AbstractLogstashTcpSocketAppender.java:291)
	at 	at net.logstash.logback.appender.AsyncDisruptorAppender$EventClearingEventHandler.onEvent(AsyncDisruptorAppender.java:363)
	at 	at net.logstash.logback.appender.AsyncDisruptorAppender$EventClearingEventHandler.onEvent(AsyncDisruptorAppender.java:350)
	at 	at net.logstash.logback.encoder.com.lmax.disruptor.BatchEventProcessor.processEvents(BatchEventProcessor.java:168)
	at 	at net.logstash.logback.encoder.com.lmax.disruptor.BatchEventProcessor.run(BatchEventProcessor.java:125)
	at 	at java.base/java.lang.Thread.run(Thread.java:1516)
15:52:12,593 |-WARN in net.logstash.logback.appender.LogstashTcpSocketAppender[LOGSTASH] - Log destination localhost/<unresolved>:5001: Waiting 29993ms before attempting reconnection.
15:52:42,602 |-WARN in net.logstash.logback.appender.LogstashTcpSocketAppender[LOGSTASH] - Log destination localhost/<unresolved>:5001: connection failed. java.net.ConnectException: Connection refused
	at java.net.ConnectException: Connection refused
	at 	at java.base/sun.nio.ch.Net.pollConnect(Native Method)
	at 	at java.base/sun.nio.ch.Net.pollConnectNow(Net.java:642)
	at 	at java.base/sun.nio.ch.NioSocketImpl.timedFinishConnect(NioSocketImpl.java:555)
	at 	at java.base/sun.nio.ch.NioSocketImpl.connect(NioSocketImpl.java:599)
	at 	at java.base/java.net.SocksSocketImpl.connect(SocksSocketImpl.java:284)
	at 	at java.base/java.net.Socket.connect(Socket.java:668)
	at 	at net.logstash.logback.appender.AbstractLogstashTcpSocketAppender$TcpSendingEventHandler.openSocket(AbstractLogstashTcpSocketAppender.java:765)
	at 	at net.logstash.logback.appender.AbstractLogstashTcpSocketAppender$TcpSendingEventHandler.reopenSocket(AbstractLogstashTcpSocketAppender.java:706)
	at 	at net.logstash.logback.appender.AbstractLogstashTcpSocketAppender$TcpSendingEventHandler.onEvent(AbstractLogstashTcpSocketAppender.java:570)
	at 	at net.logstash.logback.appender.AbstractLogstashTcpSocketAppender$TcpSendingEventHandler.onEvent(AbstractLogstashTcpSocketAppender.java:291)
	at 	at net.logstash.logback.appender.AsyncDisruptorAppender$EventClearingEventHandler.onEvent(AsyncDisruptorAppender.java:363)
	at 	at net.logstash.logback.appender.AsyncDisruptorAppender$EventClearingEventHandler.onEvent(AsyncDisruptorAppender.java:350)
	at 	at net.logstash.logback.encoder.com.lmax.disruptor.BatchEventProcessor.processEvents(BatchEventProcessor.java:168)
	at 	at net.logstash.logback.encoder.com.lmax.disruptor.BatchEventProcessor.run(BatchEventProcessor.java:125)
	at 	at java.base/java.lang.Thread.run(Thread.java:1516)
15:52:42,605 |-WARN in net.logstash.logback.appender.LogstashTcpSocketAppender[LOGSTASH] - Log destination localhost/<unresolved>:5001: Waiting 29986ms before attempting reconnection.
15:53:12,598 |-WARN in net.logstash.logback.appender.LogstashTcpSocketAppender[LOGSTASH] - Log destination localhost/<unresolved>:5001: connection failed. java.net.ConnectException: Connection refused
	at java.net.ConnectException: Connection refused
	at 	at java.base/sun.nio.ch.Net.pollConnect(Native Method)
	at 	at java.base/sun.nio.ch.Net.pollConnectNow(Net.java:642)
	at 	at java.base/sun.nio.ch.NioSocketImpl.timedFinishConnect(NioSocketImpl.java:555)
	at 	at java.base/sun.nio.ch.NioSocketImpl.connect(NioSocketImpl.java:599)
	at 	at java.base/java.net.SocksSocketImpl.connect(SocksSocketImpl.java:284)
	at 	at java.base/java.net.Socket.connect(Socket.java:668)
	at 	at net.logstash.logback.appender.AbstractLogstashTcpSocketAppender$TcpSendingEventHandler.openSocket(AbstractLogstashTcpSocketAppender.java:765)
	at 	at net.logstash.logback.appender.AbstractLogstashTcpSocketAppender$TcpSendingEventHandler.reopenSocket(AbstractLogstashTcpSocketAppender.java:706)
	at 	at net.logstash.logback.appender.AbstractLogstashTcpSocketAppender$TcpSendingEventHandler.onEvent(AbstractLogstashTcpSocketAppender.java:570)
	at 	at net.logstash.logback.appender.AbstractLogstashTcpSocketAppender$TcpSendingEventHandler.onEvent(AbstractLogstashTcpSocketAppender.java:291)
	at 	at net.logstash.logback.appender.AsyncDisruptorAppender$EventClearingEventHandler.onEvent(AsyncDisruptorAppender.java:363)
	at 	at net.logstash.logback.appender.AsyncDisruptorAppender$EventClearingEventHandler.onEvent(AsyncDisruptorAppender.java:350)
	at 	at net.logstash.logback.encoder.com.lmax.disruptor.BatchEventProcessor.processEvents(BatchEventProcessor.java:168)
	at 	at net.logstash.logback.encoder.com.lmax.disruptor.BatchEventProcessor.run(BatchEventProcessor.java:125)
	at 	at java.base/java.lang.Thread.run(Thread.java:1516)
